d:\descargas\graficas2\terrenoskybillmodgc2\v1dx11rr\x64\debug\vc142.pdb
d:\descargas\graficas2\terrenoskybillmodgc2\v1dx11rr\x64\debug\vc142.idb
d:\descargas\graficas2\terrenoskybillmodgc2\v1dx11rr\x64\debug\xact3util.obj
d:\descargas\graficas2\terrenoskybillmodgc2\v1dx11rr\x64\debug\terrenoskybill.obj
d:\descargas\graficas2\terrenoskybillmodgc2\v1dx11rr\x64\debug\loadmodel.obj
c:\users\edson\onedrive\escritorio\terrenoskybillmodgc2\v1dx11rr\x64\debug\vc142.pdb
c:\users\edson\onedrive\escritorio\terrenoskybillmodgc2\v1dx11rr\x64\debug\vc142.idb
c:\users\edson\onedrive\escritorio\terrenoskybillmodgc2\v1dx11rr\x64\debug\xact3util.obj
c:\users\edson\onedrive\escritorio\terrenoskybillmodgc2\v1dx11rr\x64\debug\terrenoskybill.obj
c:\users\edson\onedrive\escritorio\terrenoskybillmodgc2\v1dx11rr\x64\debug\loadmodel.obj
c:\users\edson\onedrive\escritorio\terrenoskybillmodgc2\v1dx11rr\x64\debug\player.obj
d:\descargas\graficas2\terrenoskybillmodgc2\x64\debug\billboard.cso
d:\descargas\graficas2\terrenoskybillmodgc2\x64\debug\modelo.cso
c:\users\edson\onedrive\escritorio\terrenoskybillmodgc2\x64\debug\billboard.cso
c:\users\edson\onedrive\escritorio\terrenoskybillmodgc2\x64\debug\modelo.cso
d:\descargas\graficas2\terrenoskybillmodgc2\x64\debug\terrenoskybill.exe
d:\descargas\graficas2\terrenoskybillmodgc2\v1dx11rr\x64\debug\terrenoskybill.ilk
d:\descargas\graficas2\terrenoskybillmodgc2\x64\debug\terrenoskybill.pdb
c:\users\edson\onedrive\escritorio\terrenoskybillmodgc2\v1dx11rr\x64\debug\gamemanager.obj
c:\users\edson\onedrive\escritorio\terrenoskybillmodgc2\x64\debug\terrenoskybill.pdb
c:\users\edson\onedrive\escritorio\terrenoskybillmodgc2\v1dx11rr\x64\debug\terrenoskybill.tlog\cl.command.1.tlog
c:\users\edson\onedrive\escritorio\terrenoskybillmodgc2\v1dx11rr\x64\debug\terrenoskybill.tlog\cl.read.1.tlog
c:\users\edson\onedrive\escritorio\terrenoskybillmodgc2\v1dx11rr\x64\debug\terrenoskybill.tlog\cl.write.1.tlog
c:\users\edson\onedrive\escritorio\terrenoskybillmodgc2\v1dx11rr\x64\debug\terrenoskybill.tlog\fxc.command.1.tlog
c:\users\edson\onedrive\escritorio\terrenoskybillmodgc2\v1dx11rr\x64\debug\terrenoskybill.tlog\fxc.read.1.tlog
c:\users\edson\onedrive\escritorio\terrenoskybillmodgc2\v1dx11rr\x64\debug\terrenoskybill.tlog\fxc.write.1.tlog
c:\users\edson\onedrive\escritorio\terrenoskybillmodgc2\v1dx11rr\x64\debug\terrenoskybill.tlog\link-cvtres.read.1.tlog
c:\users\edson\onedrive\escritorio\terrenoskybillmodgc2\v1dx11rr\x64\debug\terrenoskybill.tlog\link-cvtres.write.1.tlog
c:\users\edson\onedrive\escritorio\terrenoskybillmodgc2\v1dx11rr\x64\debug\terrenoskybill.tlog\link-rc.read.1.tlog
c:\users\edson\onedrive\escritorio\terrenoskybillmodgc2\v1dx11rr\x64\debug\terrenoskybill.tlog\link-rc.write.1.tlog
c:\users\edson\onedrive\escritorio\terrenoskybillmodgc2\v1dx11rr\x64\debug\terrenoskybill.tlog\link.9228-cvtres.read.1.tlog
c:\users\edson\onedrive\escritorio\terrenoskybillmodgc2\v1dx11rr\x64\debug\terrenoskybill.tlog\link.9228-cvtres.write.1.tlog
c:\users\edson\onedrive\escritorio\terrenoskybillmodgc2\v1dx11rr\x64\debug\terrenoskybill.tlog\link.9228-rc.read.1.tlog
c:\users\edson\onedrive\escritorio\terrenoskybillmodgc2\v1dx11rr\x64\debug\terrenoskybill.tlog\link.9228-rc.write.1.tlog
c:\users\edson\onedrive\escritorio\terrenoskybillmodgc2\v1dx11rr\x64\debug\terrenoskybill.tlog\link.9228.read.1.tlog
c:\users\edson\onedrive\escritorio\terrenoskybillmodgc2\v1dx11rr\x64\debug\terrenoskybill.tlog\link.9228.write.1.tlog
c:\users\edson\onedrive\escritorio\terrenoskybillmodgc2\v1dx11rr\x64\debug\terrenoskybill.tlog\link.command.1.tlog
c:\users\edson\onedrive\escritorio\terrenoskybillmodgc2\v1dx11rr\x64\debug\terrenoskybill.tlog\link.read.1.tlog
c:\users\edson\onedrive\escritorio\terrenoskybillmodgc2\v1dx11rr\x64\debug\terrenoskybill.tlog\link.write.1.tlog
